<?xml version="1.0" encoding="UTF-8"?>
<!-- Generated by org.testng.reporters.JUnitReportReporter -->
<testsuite hostname="NiT364" failures="0" tests="1" name="Test.SelectAffiliateCampaigns" time="16.088" errors="0" timestamp="2025-05-16T12:47:32 IST" skipped="0">
  <testcase classname="Test.SelectAffiliateCampaigns" name="navigateCapaigns" time="16.088"/>
</testsuite> <!-- Test.SelectAffiliateCampaigns -->
